2019-03-16T16:03:45 start.sh (start.sh:20:main) *=*=*=*=*=*=*=*=*=*=*=*=*=*=*= Create data *=*=*=*=*=*=*=*=*=*=*=*=*=*=*=
mysql: [Warning] Using a password on the command line interface can be insecure.
+------------+
|            |
+------------+
| DROP CHECK |
+------------+
+--------------------+
| Database           |
+--------------------+
| information_schema |
| mysql              |
| performance_schema |
| sakila             |
| sys                |
+--------------------+
+--------------------+
| Database           |
+--------------------+
| index_sample       |
| information_schema |
| mysql              |
| performance_schema |
| sakila             |
| sys                |
+--------------------+
+----------+
| count(*) |
+----------+
|        0 |
+----------+
+----------+
| count(*) |
+----------+
|  5242880 |
+----------+
2019-03-16T16:04:42 start.sh (start.sh:23:main) *=*=*=*=*=*=*=*=*=*=*=*=*=*=*= Run test query(non index) *=*=*=*=*=*=*=*=*=*=*=*=*=*=*=
2019-03-16T16:04:42 start.sh (start.sh:11:testQuery) ======== start query ========
2019-03-16T16:04:42 start.sh (start.sh:12:testQuery) show index
mysql: [Warning] Using a password on the command line interface can be insecure.
+-------+------------+----------+--------------+-------------+-----------+-------------+----------+--------+------+------------+---------+---------------+---------+------------+
| Table | Non_unique | Key_name | Seq_in_index | Column_name | Collation | Cardinality | Sub_part | Packed | Null | Index_type | Comment | Index_comment | Visible | Expression |
+-------+------------+----------+--------------+-------------+-----------+-------------+----------+--------+------+------------+---------+---------------+---------+------------+
| item  |          0 | PRIMARY  |            1 | item_id     | A         |     4224730 |     NULL |   NULL |      | BTREE      |         |               | YES     | NULL       |
+-------+------------+----------+--------------+-------------+-----------+-------------+----------+--------+------+------------+---------+---------------+---------+------------+
2019-03-16T16:04:42 start.sh (start.sh:14:testQuery) explain
mysql: [Warning] Using a password on the command line interface can be insecure.
+----+-------------+-------+------------+------+---------------+------+---------+------+---------+----------+-------------+
| id | select_type | table | partitions | type | possible_keys | key  | key_len | ref  | rows    | filtered | Extra       |
+----+-------------+-------+------------+------+---------------+------+---------+------+---------+----------+-------------+
|  1 | SIMPLE      | item  | NULL       | ALL  | NULL          | NULL | NULL    | NULL | 5234505 |    10.00 | Using where |
+----+-------------+-------+------------+------+---------------+------+---------+------+---------+----------+-------------+
mysql: [Warning] Using a password on the command line interface can be insecure.

real	0m2.137s
user	0m0.461s
sys	0m0.045s
2019-03-16T16:04:44 start.sh (start.sh:17:testQuery) ======== end query ========
2019-03-16T16:04:44 start.sh (start.sh:26:main) Add index(use index)
mysql: [Warning] Using a password on the command line interface can be insecure.
+-----------+
|           |
+-----------+
| add index |
+-----------+
2019-03-16T16:04:57 start.sh (start.sh:28:main) *=*=*=*=*=*=*=*=*=*=*=*=*=*=*= Run test query(use index) *=*=*=*=*=*=*=*=*=*=*=*=*=*=*=
2019-03-16T16:04:57 start.sh (start.sh:11:testQuery) ======== start query ========
2019-03-16T16:04:57 start.sh (start.sh:12:testQuery) show index
mysql: [Warning] Using a password on the command line interface can be insecure.
+-------+------------+----------+--------------+-------------+-----------+-------------+----------+--------+------+------------+---------+---------------+---------+------------+
| Table | Non_unique | Key_name | Seq_in_index | Column_name | Collation | Cardinality | Sub_part | Packed | Null | Index_type | Comment | Index_comment | Visible | Expression |
+-------+------------+----------+--------------+-------------+-----------+-------------+----------+--------+------+------------+---------+---------------+---------+------------+
| item  |          0 | PRIMARY  |            1 | item_id     | A         |     4224730 |     NULL |   NULL |      | BTREE      |         |               | YES     | NULL       |
| item  |          1 | item_id  |            1 | item_id     | A         |     5232592 |     NULL |   NULL |      | BTREE      |         |               | YES     | NULL       |
| item  |          1 | item_id  |            2 | item_price  | A         |     5232592 |     NULL |   NULL | YES  | BTREE      |         |               | YES     | NULL       |
+-------+------------+----------+--------------+-------------+-----------+-------------+----------+--------+------+------------+---------+---------------+---------+------------+
2019-03-16T16:04:57 start.sh (start.sh:14:testQuery) explain
mysql: [Warning] Using a password on the command line interface can be insecure.
+----+-------------+-------+------------+-------+---------------+---------+---------+------+---------+----------+--------------------------+
| id | select_type | table | partitions | type  | possible_keys | key     | key_len | ref  | rows    | filtered | Extra                    |
+----+-------------+-------+------------+-------+---------------+---------+---------+------+---------+----------+--------------------------+
|  1 | SIMPLE      | item  | NULL       | index | item_id       | item_id | 9       | NULL | 5232592 |    10.00 | Using where; Using index |
+----+-------------+-------+------------+-------+---------------+---------+---------+------+---------+----------+--------------------------+
mysql: [Warning] Using a password on the command line interface can be insecure.

real	0m1.944s
user	0m0.475s
sys	0m0.059s
2019-03-16T16:04:59 start.sh (start.sh:17:testQuery) ======== end query ========
